“Run: 46”
RunStart
  0%|          | 0/100 [00:00<?, ?it/s]Generation:   0%|          | 0/100 [00:00<?, ?it/s]Generation:   1%|          | 1/100 [01:15<2:04:39, 75.55s/it]Generation:   2%|▏         | 2/100 [01:53<1:26:52, 53.19s/it]Generation:   3%|▎         | 3/100 [02:25<1:10:46, 43.77s/it]Generation:   4%|▍         | 4/100 [04:07<1:46:27, 66.54s/it]Generation:   5%|▌         | 5/100 [04:42<1:27:33, 55.30s/it]Generation:   6%|▌         | 6/100 [05:11<1:12:39, 46.38s/it]Generation:   7%|▋         | 7/100 [05:44<1:05:14, 42.09s/it]Generation:   8%|▊         | 8/100 [10:52<3:14:25, 126.80s/it]Generation:   9%|▉         | 9/100 [13:32<3:28:00, 137.14s/it]Generation:  10%|█         | 10/100 [14:10<2:39:35, 106.39s/it]Generation:  11%|█         | 11/100 [14:48<2:06:46, 85.47s/it] Generation:  12%|█▏        | 12/100 [22:16<4:46:55, 195.64s/it]Generation:  13%|█▎        | 13/100 [23:22<3:46:52, 156.47s/it]Generation:  14%|█▍        | 14/100 [24:08<2:56:27, 123.11s/it]Generation:  15%|█▌        | 15/100 [26:09<2:53:22, 122.39s/it]Generation:  16%|█▌        | 16/100 [27:04<2:22:54, 102.08s/it]Generation:  17%|█▋        | 17/100 [28:24<2:12:14, 95.59s/it] Generation:  18%|█▊        | 18/100 [28:54<1:43:44, 75.91s/it]Generation:  19%|█▉        | 19/100 [29:48<1:33:42, 69.42s/it]Generation:  20%|██        | 20/100 [30:43<1:26:43, 65.04s/it]Generation:  21%|██        | 21/100 [31:39<1:21:49, 62.15s/it]Generation:  22%|██▏       | 22/100 [32:38<1:19:50, 61.41s/it]Generation:  23%|██▎       | 23/100 [33:23<1:12:26, 56.45s/it]Generation:  24%|██▍       | 24/100 [35:08<1:29:50, 70.92s/it]Generation:  25%|██▌       | 25/100 [36:06<1:24:01, 67.22s/it]Generation:  26%|██▌       | 26/100 [37:10<1:21:37, 66.18s/it]Generation:  27%|██▋       | 27/100 [38:25<1:23:49, 68.90s/it]Generation:  28%|██▊       | 28/100 [39:21<1:17:57, 64.97s/it]Generation:  29%|██▉       | 29/100 [40:21<1:14:56, 63.33s/it]Generation:  30%|███       | 30/100 [41:41<1:19:44, 68.36s/it]Generation:  31%|███       | 31/100 [43:29<1:32:17, 80.25s/it]Generation:  32%|███▏      | 32/100 [46:47<2:11:01, 115.61s/it]Generation:  33%|███▎      | 33/100 [48:40<2:08:07, 114.73s/it]Generation:  34%|███▍      | 34/100 [49:49<1:51:07, 101.03s/it]Generation:  35%|███▌      | 35/100 [50:47<1:35:32, 88.19s/it] Generation:  36%|███▌      | 36/100 [51:54<1:27:12, 81.76s/it]Generation:  37%|███▋      | 37/100 [53:05<1:22:27, 78.53s/it]Generation:  38%|███▊      | 38/100 [54:34<1:24:29, 81.77s/it]Generation:  39%|███▉      | 39/100 [56:12<1:27:59, 86.54s/it]Generation:  40%|████      | 40/100 [57:26<1:22:58, 82.97s/it]Generation:  41%|████      | 41/100 [58:34<1:17:11, 78.50s/it]Generation:  42%|████▏     | 42/100 [59:36<1:10:51, 73.31s/it]Generation:  43%|████▎     | 43/100 [1:00:14<59:43, 62.86s/it]Generation:  44%|████▍     | 44/100 [1:00:53<51:50, 55.55s/it]Generation:  45%|████▌     | 45/100 [1:01:34<46:59, 51.26s/it]Generation:  46%|████▌     | 46/100 [1:02:07<41:19, 45.92s/it]Generation:  47%|████▋     | 47/100 [1:02:47<39:01, 44.19s/it]Generation:  48%|████▊     | 48/100 [1:03:22<35:45, 41.26s/it]Generation:  49%|████▉     | 49/100 [1:03:55<33:04, 38.90s/it]Generation:  50%|█████     | 50/100 [1:04:35<32:39, 39.20s/it]Generation:  51%|█████     | 51/100 [1:05:10<30:49, 37.75s/it]Generation:  52%|█████▏    | 52/100 [1:05:53<31:39, 39.57s/it]Generation:  53%|█████▎    | 53/100 [1:06:27<29:35, 37.78s/it]Generation:  54%|█████▍    | 54/100 [1:07:26<33:57, 44.29s/it]Generation:  55%|█████▌    | 55/100 [1:08:00<30:52, 41.18s/it]Generation:  56%|█████▌    | 56/100 [1:08:53<32:40, 44.55s/it]Generation:  57%|█████▋    | 57/100 [1:09:39<32:16, 45.05s/it]Generation:  58%|█████▊    | 58/100 [1:10:10<28:36, 40.87s/it]Generation:  59%|█████▉    | 59/100 [1:10:49<27:37, 40.42s/it]Generation:  60%|██████    | 60/100 [1:11:33<27:32, 41.31s/it]Generation:  61%|██████    | 61/100 [1:12:03<24:40, 37.97s/it]Generation:  62%|██████▏   | 62/100 [1:12:58<27:18, 43.11s/it]Generation:  63%|██████▎   | 63/100 [1:13:31<24:38, 39.95s/it]Generation:  64%|██████▍   | 64/100 [1:14:31<27:39, 46.10s/it]Generation:  65%|██████▌   | 65/100 [1:15:00<23:54, 41.00s/it]Generation:  66%|██████▌   | 66/100 [1:15:45<23:48, 42.02s/it]Generation:  67%|██████▋   | 67/100 [1:16:17<21:34, 39.22s/it]Generation:  68%|██████▊   | 68/100 [1:16:50<19:55, 37.37s/it]Generation:  69%|██████▉   | 69/100 [1:17:38<20:50, 40.33s/it]Generation:  70%|███████   | 70/100 [1:18:08<18:40, 37.34s/it]Generation:  71%|███████   | 71/100 [1:18:39<17:03, 35.30s/it]Generation:  72%|███████▏  | 72/100 [1:19:45<20:53, 44.77s/it]Generation:  73%|███████▎  | 73/100 [1:20:20<18:41, 41.56s/it]Generation:  74%|███████▍  | 74/100 [1:20:54<17:01, 39.29s/it]Generation:  75%|███████▌  | 75/100 [1:21:32<16:12, 38.92s/it]Generation:  76%|███████▌  | 76/100 [1:22:58<21:19, 53.31s/it]Generation:  77%|███████▋  | 77/100 [1:23:31<18:02, 47.07s/it]Generation:  78%|███████▊  | 78/100 [1:24:05<15:51, 43.26s/it]Generation:  79%|███████▉  | 79/100 [1:24:39<14:08, 40.40s/it]Generation:  80%|████████  | 80/100 [1:25:35<15:01, 45.05s/it]Generation:  81%|████████  | 81/100 [1:26:11<13:26, 42.42s/it]Generation:  82%|████████▏ | 82/100 [1:26:56<12:55, 43.06s/it]Generation:  83%|████████▎ | 83/100 [1:27:51<13:15, 46.80s/it]Generation:  84%|████████▍ | 84/100 [1:28:22<11:10, 41.94s/it]Generation:  85%|████████▌ | 85/100 [1:28:54<09:45, 39.01s/it]Generation:  86%|████████▌ | 86/100 [1:29:29<08:48, 37.75s/it]Generation:  87%|████████▋ | 87/100 [1:30:24<09:19, 43.06s/it]Generation:  88%|████████▊ | 88/100 [1:31:03<08:20, 41.72s/it]Generation:  89%|████████▉ | 89/100 [1:31:44<07:35, 41.40s/it]Generation:  90%|█████████ | 90/100 [1:32:27<07:00, 42.02s/it]Generation:  91%|█████████ | 91/100 [1:32:59<05:50, 38.97s/it]Generation:  92%|█████████▏| 92/100 [1:33:56<05:55, 44.47s/it]Generation:  93%|█████████▎| 93/100 [1:34:27<04:42, 40.35s/it]Generation:  94%|█████████▍| 94/100 [1:34:59<03:46, 37.75s/it]Generation:  95%|█████████▌| 95/100 [1:35:27<02:54, 34.81s/it]Generation:  96%|█████████▌| 96/100 [1:36:36<03:00, 45.12s/it]Generation:  97%|█████████▋| 97/100 [1:37:19<02:13, 44.49s/it]Generation:  98%|█████████▊| 98/100 [1:37:53<01:22, 41.44s/it]Generation:  99%|█████████▉| 99/100 [1:38:26<00:38, 38.94s/it]Generation: 100%|██████████| 100/100 [1:38:59<00:00, 37.16s/it]Generation: 100%|██████████| 100/100 [1:38:59<00:00, 59.40s/it]
/home/hodesse/miniconda3/envs/tpot2env/lib/python3.10/site-packages/sklearn/utils/deprecation.py:132: FutureWarning: 'force_all_finite' was renamed to 'ensure_all_finite' in 1.6 and will be removed in 1.8.
  warnings.warn(
/home/hodesse/miniconda3/envs/tpot2env/lib/python3.10/site-packages/sklearn/utils/deprecation.py:132: FutureWarning: 'force_all_finite' was renamed to 'ensure_all_finite' in 1.6 and will be removed in 1.8.
  warnings.warn(
  0%|          | 0/100 [00:00<?, ?it/s]Generation:   0%|          | 0/100 [00:00<?, ?it/s]Generation:   1%|          | 1/100 [00:26<43:06, 26.13s/it]Generation:   2%|▏         | 2/100 [01:32<1:20:59, 49.59s/it]Generation:   3%|▎         | 3/100 [02:08<1:10:35, 43.66s/it]Generation:   4%|▍         | 4/100 [02:50<1:08:30, 42.82s/it]Generation:   5%|▌         | 5/100 [03:40<1:11:56, 45.44s/it]Generation:   6%|▌         | 6/100 [04:13<1:04:24, 41.12s/it]Generation:   7%|▋         | 7/100 [05:18<1:16:16, 49.21s/it]Generation:   8%|▊         | 8/100 [06:33<1:27:56, 57.35s/it]Generation:   9%|▉         | 9/100 [07:53<1:37:36, 64.36s/it]Generation:  10%|█         | 10/100 [08:44<1:30:26, 60.29s/it]Generation:  11%|█         | 11/100 [09:25<1:20:31, 54.29s/it]Generation:  12%|█▏        | 12/100 [10:01<1:11:27, 48.72s/it]Generation:  13%|█▎        | 13/100 [10:58<1:14:20, 51.27s/it]Generation:  14%|█▍        | 14/100 [11:33<1:06:18, 46.26s/it]Generation:  15%|█▌        | 15/100 [12:24<1:07:43, 47.81s/it]Generation:  16%|█▌        | 16/100 [12:59<1:01:23, 43.85s/it]Generation:  17%|█▋        | 17/100 [13:41<1:00:12, 43.52s/it]Generation:  18%|█▊        | 18/100 [15:44<1:32:06, 67.39s/it]Generation:  19%|█▉        | 19/100 [16:18<1:17:26, 57.36s/it]Generation:  20%|██        | 20/100 [17:36<1:24:22, 63.28s/it]Generation:  21%|██        | 21/100 [18:15<1:13:53, 56.11s/it]Generation:  22%|██▏       | 22/100 [21:45<2:12:50, 102.18s/it]Generation:  23%|██▎       | 23/100 [23:08<2:03:56, 96.58s/it] Generation:  24%|██▍       | 24/100 [23:57<1:44:07, 82.20s/it]Generation:  25%|██▌       | 25/100 [25:12<1:40:20, 80.27s/it]Generation:  26%|██▌       | 26/100 [26:01<1:27:21, 70.83s/it]Generation:  27%|██▋       | 27/100 [26:47<1:17:11, 63.45s/it]Generation:  28%|██▊       | 28/100 [28:00<1:19:16, 66.07s/it]Generation:  29%|██▉       | 29/100 [28:44<1:10:17, 59.40s/it]Generation:  30%|███       | 30/100 [29:52<1:12:32, 62.18s/it]Generation:  31%|███       | 31/100 [31:58<1:33:20, 81.16s/it]Generation:  32%|███▏      | 32/100 [32:39<1:18:26, 69.21s/it]Generation:  33%|███▎      | 33/100 [34:19<1:27:39, 78.50s/it]Generation:  34%|███▍      | 34/100 [35:40<1:26:58, 79.06s/it]Generation:  35%|███▌      | 35/100 [36:25<1:14:51, 69.10s/it]Generation:  36%|███▌      | 36/100 [38:28<1:30:49, 85.15s/it]Generation:  37%|███▋      | 37/100 [40:03<1:32:21, 87.97s/it]Generation:  38%|███▊      | 38/100 [41:39<1:33:32, 90.52s/it]Generation:  39%|███▉      | 39/100 [42:52<1:26:49, 85.41s/it]Generation:  40%|████      | 40/100 [43:39<1:13:40, 73.68s/it]Generation:  41%|████      | 41/100 [44:27<1:04:50, 65.94s/it]Generation:  42%|████▏     | 42/100 [45:58<1:11:14, 73.70s/it]Generation:  43%|████▎     | 43/100 [46:37<1:00:00, 63.17s/it]Generation:  44%|████▍     | 44/100 [48:30<1:13:01, 78.25s/it]Generation:  45%|████▌     | 45/100 [50:29<1:22:48, 90.34s/it]Generation:  46%|████▌     | 46/100 [52:17<1:26:07, 95.69s/it]Generation:  47%|████▋     | 47/100 [53:37<1:20:26, 91.06s/it]Generation:  48%|████▊     | 48/100 [55:28<1:23:57, 96.87s/it]Generation:  49%|████▉     | 49/100 [56:49<1:18:22, 92.20s/it]Generation:  50%|█████     | 50/100 [58:25<1:17:44, 93.29s/it]Generation:  51%|█████     | 51/100 [59:37<1:10:52, 86.78s/it]Generation:  52%|█████▏    | 52/100 [1:00:34<1:02:19, 77.91s/it]Generation:  53%|█████▎    | 53/100 [1:01:46<59:43, 76.24s/it]  Generation:  54%|█████▍    | 54/100 [1:03:02<58:14, 75.98s/it]Generation:  55%|█████▌    | 55/100 [1:04:11<55:32, 74.07s/it]Generation:  56%|█████▌    | 56/100 [1:06:08<1:03:37, 86.76s/it]Generation:  57%|█████▋    | 57/100 [1:06:52<53:03, 74.03s/it]  Generation:  58%|█████▊    | 58/100 [1:07:48<48:02, 68.62s/it]Generation:  59%|█████▉    | 59/100 [1:09:28<53:22, 78.11s/it]Generation:  60%|██████    | 60/100 [1:11:05<55:43, 83.60s/it]Generation:  61%|██████    | 61/100 [1:13:37<1:07:40, 104.13s/it]Generation:  62%|██████▏   | 62/100 [1:14:49<59:50, 94.48s/it]   Generation:  63%|██████▎   | 63/100 [1:16:36<1:00:39, 98.38s/it]Generation:  64%|██████▍   | 64/100 [1:19:24<1:11:31, 119.22s/it]Generation:  65%|██████▌   | 65/100 [1:21:18<1:08:35, 117.59s/it]Generation:  66%|██████▌   | 66/100 [1:24:51<1:22:54, 146.32s/it]Generation:  67%|██████▋   | 67/100 [1:26:14<1:10:05, 127.43s/it]Generation:  68%|██████▊   | 68/100 [1:29:03<1:14:30, 139.70s/it]Generation:  69%|██████▉   | 69/100 [1:29:55<58:35, 113.40s/it]  Generation:  70%|███████   | 70/100 [1:32:16<1:00:56, 121.88s/it]Generation:  71%|███████   | 71/100 [1:35:08<1:06:05, 136.75s/it]Generation:  72%|███████▏  | 72/100 [1:37:23<1:03:36, 136.29s/it]Generation:  73%|███████▎  | 73/100 [1:38:18<50:17, 111.76s/it]  Generation:  74%|███████▍  | 74/100 [1:39:27<42:51, 98.92s/it] Generation:  75%|███████▌  | 75/100 [1:40:32<36:58, 88.76s/it]Generation:  76%|███████▌  | 76/100 [1:41:30<31:50, 79.60s/it]Generation:  77%|███████▋  | 77/100 [1:43:42<36:30, 95.25s/it]Generation:  78%|███████▊  | 78/100 [1:44:29<29:41, 80.97s/it]Generation:  79%|███████▉  | 79/100 [1:46:14<30:47, 87.97s/it]Generation:  80%|████████  | 80/100 [1:47:34<28:31, 85.59s/it]Generation:  81%|████████  | 81/100 [1:49:45<31:28, 99.41s/it]Generation:  82%|████████▏ | 82/100 [1:50:51<26:47, 89.29s/it]Generation:  83%|████████▎ | 83/100 [1:51:56<23:15, 82.11s/it]Generation:  84%|████████▍ | 84/100 [1:52:48<19:26, 72.93s/it]Generation:  85%|████████▌ | 85/100 [1:54:40<21:11, 84.74s/it]Generation:  86%|████████▌ | 86/100 [1:56:24<21:05, 90.36s/it]Generation:  87%|████████▋ | 87/100 [1:57:46<19:04, 88.06s/it]Generation:  88%|████████▊ | 88/100 [1:58:28<14:49, 74.17s/it]Generation:  89%|████████▉ | 89/100 [1:59:09<11:47, 64.29s/it]Generation:  90%|█████████ | 90/100 [1:59:51<09:35, 57.58s/it]Generation:  91%|█████████ | 91/100 [2:01:20<10:03, 67.01s/it]Generation:  92%|█████████▏| 92/100 [2:02:28<08:59, 67.39s/it]Generation:  93%|█████████▎| 93/100 [2:03:14<07:04, 60.70s/it]Generation:  94%|█████████▍| 94/100 [2:04:01<05:39, 56.64s/it]Generation:  95%|█████████▌| 95/100 [2:04:53<04:36, 55.25s/it]Generation:  96%|█████████▌| 96/100 [2:06:32<04:33, 68.35s/it]Generation:  97%|█████████▋| 97/100 [2:07:12<02:59, 59.84s/it]Generation:  98%|█████████▊| 98/100 [2:08:54<02:25, 72.64s/it]Generation:  99%|█████████▉| 99/100 [2:09:41<01:04, 64.86s/it]Generation: 100%|██████████| 100/100 [2:10:27<00:00, 59.17s/it]Generation: 100%|██████████| 100/100 [2:10:27<00:00, 78.27s/it]
/home/hodesse/miniconda3/envs/tpot2env/lib/python3.10/site-packages/sklearn/utils/deprecation.py:132: FutureWarning: 'force_all_finite' was renamed to 'ensure_all_finite' in 1.6 and will be removed in 1.8.
  warnings.warn(
/home/hodesse/miniconda3/envs/tpot2env/lib/python3.10/site-packages/sklearn/utils/deprecation.py:132: FutureWarning: 'force_all_finite' was renamed to 'ensure_all_finite' in 1.6 and will be removed in 1.8.
  warnings.warn(
  0%|          | 0/100 [00:00<?, ?it/s]Generation:   0%|          | 0/100 [00:00<?, ?it/s]Generation:   1%|          | 1/100 [02:56<4:51:37, 176.75s/it]Generation:   2%|▏         | 2/100 [19:39<18:02:36, 662.82s/it]Generation:   3%|▎         | 3/100 [32:11<18:57:25, 703.56s/it]Generation:   4%|▍         | 4/100 [49:10<22:04:53, 828.06s/it]Generation:   5%|▌         | 5/100 [1:11:22<26:38:43, 1009.72s/it]Generation:   6%|▌         | 6/100 [1:26:03<25:13:26, 966.03s/it] Generation:   7%|▋         | 7/100 [1:44:32<26:09:46, 1012.76s/it]Generation:   8%|▊         | 8/100 [1:50:53<20:44:20, 811.53s/it] Generation:   9%|▉         | 9/100 [1:54:27<15:47:39, 624.83s/it]Generation:  10%|█         | 10/100 [1:59:14<13:00:46, 520.52s/it]Generation:  11%|█         | 11/100 [2:02:35<10:26:58, 422.68s/it]Generation:  12%|█▏        | 12/100 [2:04:31<8:02:59, 329.32s/it] Generation:  13%|█▎        | 13/100 [2:15:04<10:10:53, 421.31s/it]Generation:  14%|█▍        | 14/100 [2:17:02<7:52:44, 329.82s/it] Generation:  15%|█▌        | 15/100 [2:20:26<6:53:14, 291.70s/it]Generation:  16%|█▌        | 16/100 [2:31:31<9:25:49, 404.17s/it]Generation:  17%|█▋        | 17/100 [2:41:47<10:47:16, 467.91s/it]Generation:  18%|█▊        | 18/100 [2:52:05<11:41:11, 513.07s/it]Generation:  19%|█▉        | 19/100 [2:54:07<8:53:55, 395.50s/it] Generation:  20%|██        | 20/100 [3:04:16<10:12:56, 459.71s/it]Generation:  21%|██        | 21/100 [3:12:39<10:22:17, 472.63s/it]Generation:  22%|██▏       | 22/100 [3:18:44<9:32:20, 440.26s/it] Generation:  23%|██▎       | 23/100 [3:23:02<8:14:44, 385.51s/it]Generation:  24%|██▍       | 24/100 [3:33:01<9:29:29, 449.59s/it]Generation:  25%|██▌       | 25/100 [3:36:17<7:47:08, 373.71s/it]Generation:  26%|██▌       | 26/100 [3:44:35<8:26:42, 410.84s/it]Generation:  27%|██▋       | 27/100 [3:48:07<7:07:27, 351.33s/it]Generation:  28%|██▊       | 28/100 [3:53:44<6:56:22, 346.99s/it]Generation:  29%|██▉       | 29/100 [4:04:43<8:41:14, 440.48s/it]Generation:  30%|███       | 30/100 [4:09:46<7:45:48, 399.26s/it]Generation:  31%|███       | 31/100 [4:18:22<8:19:28, 434.33s/it]Generation:  32%|███▏      | 32/100 [4:33:50<11:00:14, 582.56s/it]Generation:  33%|███▎      | 33/100 [4:54:16<14:25:53, 775.42s/it]Generation:  34%|███▍      | 34/100 [4:57:18<10:57:01, 597.29s/it]Generation:  35%|███▌      | 35/100 [5:03:23<9:31:53, 527.89s/it] Generation:  36%|███▌      | 36/100 [5:06:36<7:35:46, 427.28s/it]Generation:  37%|███▋      | 37/100 [5:19:47<9:23:18, 536.48s/it]Generation:  38%|███▊      | 38/100 [5:35:57<11:28:47, 666.58s/it]Generation:  39%|███▉      | 39/100 [5:40:26<9:16:09, 547.03s/it] Generation:  40%|████      | 40/100 [5:44:52<7:42:51, 462.86s/it]Generation:  41%|████      | 41/100 [5:48:00<6:14:09, 380.51s/it]Generation:  42%|████▏     | 42/100 [5:52:52<5:42:07, 353.93s/it]Generation:  43%|████▎     | 43/100 [5:56:24<4:55:39, 311.22s/it]Generation:  44%|████▍     | 44/100 [5:59:49<4:20:52, 279.51s/it]Generation:  45%|████▌     | 45/100 [6:04:46<4:20:52, 284.59s/it]Generation:  46%|████▌     | 46/100 [6:06:36<3:28:55, 232.13s/it]Generation:  47%|████▋     | 47/100 [6:22:46<6:40:42, 453.63s/it]Cancelled future (likely memory related)
2025-09-07 02:59:55,400 - distributed.scheduler - CRITICAL - Closed comm <BatchedSend: closed> while trying to write {'op': 'key-in-memory', 'key': 'ndarray-d3fa58c30e02c39ecb00eeaa3115978a'}
Traceback (most recent call last):
  File "/home/hodesse/miniconda3/envs/tpot2env/lib/python3.10/site-packages/distributed/scheduler.py", line 5862, in report
    c.send(msg)
  File "/home/hodesse/miniconda3/envs/tpot2env/lib/python3.10/site-packages/distributed/batched.py", line 156, in send
    raise CommClosedError(f"Comm {self.comm!r} already closed.")
distributed.comm.core.CommClosedError: Comm <TCP (closed) Scheduler->Client local=tcp://127.0.0.1:45457 remote=tcp://127.0.0.1:54128> already closed.
2025-09-07 02:59:55,407 - distributed.scheduler - CRITICAL - Closed comm <BatchedSend: closed> while trying to write {'op': 'key-in-memory', 'key': 'ndarray-3053d7f5b2367311b3b254a1d05c696d'}
Traceback (most recent call last):
  File "/home/hodesse/miniconda3/envs/tpot2env/lib/python3.10/site-packages/distributed/scheduler.py", line 5862, in report
    c.send(msg)
  File "/home/hodesse/miniconda3/envs/tpot2env/lib/python3.10/site-packages/distributed/batched.py", line 156, in send
    raise CommClosedError(f"Comm {self.comm!r} already closed.")
distributed.comm.core.CommClosedError: Comm <TCP (closed) Scheduler->Client local=tcp://127.0.0.1:45457 remote=tcp://127.0.0.1:54128> already closed.
2025-09-07 02:59:55,899 - distributed.scheduler - CRITICAL - Closed comm <BatchedSend: closed> while trying to write {'op': 'key-in-memory', 'key': 'ndarray-d3fa58c30e02c39ecb00eeaa3115978a'}
Traceback (most recent call last):
  File "/home/hodesse/miniconda3/envs/tpot2env/lib/python3.10/site-packages/distributed/scheduler.py", line 5862, in report
    c.send(msg)
  File "/home/hodesse/miniconda3/envs/tpot2env/lib/python3.10/site-packages/distributed/batched.py", line 156, in send
    raise CommClosedError(f"Comm {self.comm!r} already closed.")
distributed.comm.core.CommClosedError: Comm <TCP (closed) Scheduler->Client local=tcp://127.0.0.1:45457 remote=tcp://127.0.0.1:54128> already closed.
2025-09-07 02:59:55,899 - distributed.scheduler - CRITICAL - Closed comm <BatchedSend: closed> while trying to write {'op': 'key-in-memory', 'key': 'ndarray-3053d7f5b2367311b3b254a1d05c696d'}
Traceback (most recent call last):
  File "/home/hodesse/miniconda3/envs/tpot2env/lib/python3.10/site-packages/distributed/scheduler.py", line 5862, in report
    c.send(msg)
  File "/home/hodesse/miniconda3/envs/tpot2env/lib/python3.10/site-packages/distributed/batched.py", line 156, in send
    raise CommClosedError(f"Comm {self.comm!r} already closed.")
distributed.comm.core.CommClosedError: Comm <TCP (closed) Scheduler->Client local=tcp://127.0.0.1:45457 remote=tcp://127.0.0.1:54128> already closed.
2025-09-07 02:59:56,161 - distributed.scheduler - CRITICAL - Closed comm <BatchedSend: closed> while trying to write {'op': 'key-in-memory', 'key': 'ndarray-d3fa58c30e02c39ecb00eeaa3115978a'}
Traceback (most recent call last):
  File "/home/hodesse/miniconda3/envs/tpot2env/lib/python3.10/site-packages/distributed/scheduler.py", line 5862, in report
    c.send(msg)
  File "/home/hodesse/miniconda3/envs/tpot2env/lib/python3.10/site-packages/distributed/batched.py", line 156, in send
    raise CommClosedError(f"Comm {self.comm!r} already closed.")
distributed.comm.core.CommClosedError: Comm <TCP (closed) Scheduler->Client local=tcp://127.0.0.1:45457 remote=tcp://127.0.0.1:54128> already closed.
2025-09-07 02:59:56,161 - distributed.scheduler - CRITICAL - Closed comm <BatchedSend: closed> while trying to write {'op': 'key-in-memory', 'key': 'ndarray-3053d7f5b2367311b3b254a1d05c696d'}
Traceback (most recent call last):
  File "/home/hodesse/miniconda3/envs/tpot2env/lib/python3.10/site-packages/distributed/scheduler.py", line 5862, in report
    c.send(msg)
  File "/home/hodesse/miniconda3/envs/tpot2env/lib/python3.10/site-packages/distributed/batched.py", line 156, in send
    raise CommClosedError(f"Comm {self.comm!r} already closed.")
distributed.comm.core.CommClosedError: Comm <TCP (closed) Scheduler->Client local=tcp://127.0.0.1:45457 remote=tcp://127.0.0.1:54128> already closed.
2025-09-07 02:59:56,357 - distributed.scheduler - CRITICAL - Closed comm <BatchedSend: closed> while trying to write {'op': 'key-in-memory', 'key': 'ndarray-d3fa58c30e02c39ecb00eeaa3115978a'}
Traceback (most recent call last):
  File "/home/hodesse/miniconda3/envs/tpot2env/lib/python3.10/site-packages/distributed/scheduler.py", line 5862, in report
    c.send(msg)
  File "/home/hodesse/miniconda3/envs/tpot2env/lib/python3.10/site-packages/distributed/batched.py", line 156, in send
    raise CommClosedError(f"Comm {self.comm!r} already closed.")
distributed.comm.core.CommClosedError: Comm <TCP (closed) Scheduler->Client local=tcp://127.0.0.1:45457 remote=tcp://127.0.0.1:54128> already closed.
2025-09-07 02:59:56,357 - distributed.scheduler - CRITICAL - Closed comm <BatchedSend: closed> while trying to write {'op': 'key-in-memory', 'key': 'ndarray-3053d7f5b2367311b3b254a1d05c696d'}
Traceback (most recent call last):
  File "/home/hodesse/miniconda3/envs/tpot2env/lib/python3.10/site-packages/distributed/scheduler.py", line 5862, in report
    c.send(msg)
  File "/home/hodesse/miniconda3/envs/tpot2env/lib/python3.10/site-packages/distributed/batched.py", line 156, in send
    raise CommClosedError(f"Comm {self.comm!r} already closed.")
distributed.comm.core.CommClosedError: Comm <TCP (closed) Scheduler->Client local=tcp://127.0.0.1:45457 remote=tcp://127.0.0.1:54128> already closed.
Task exception was never retrieved
future: <Task finished name='Task-9624670' coro=<Server._handle_comm() done, defined at /home/hodesse/miniconda3/envs/tpot2env/lib/python3.10/site-packages/distributed/core.py:737> exception=KeyError('Client-b99c5ed9-8b9b-11f0-85f8-6805caf816d6')>
Traceback (most recent call last):
  File "/home/hodesse/miniconda3/envs/tpot2env/lib/python3.10/site-packages/distributed/core.py", line 831, in _handle_comm
    result = await result
  File "/home/hodesse/miniconda3/envs/tpot2env/lib/python3.10/site-packages/distributed/scheduler.py", line 5914, in add_client
    del self.client_comms[client]
KeyError: 'Client-b99c5ed9-8b9b-11f0-85f8-6805caf816d6'
Cancelled future (likely memory related)
Cancelled future (likely memory related)
Cancelled future (likely memory related)
Cancelled future (likely memory related)
Cancelled future (likely memory related)
Cancelled future (likely memory related)
Cancelled future (likely memory related)
Cancelled future (likely memory related)
Cancelled future (likely memory related)
Cancelled future (likely memory related)
Cancelled future (likely memory related)
Cancelled future (likely memory related)
Cancelled future (likely memory related)
Cancelled future (likely memory related)
Cancelled future (likely memory related)
Cancelled future (likely memory related)
Cancelled future (likely memory related)
Cancelled future (likely memory related)
Cancelled future (likely memory related)
Cancelled future (likely memory related)
Cancelled future (likely memory related)
Cancelled future (likely memory related)
Cancelled future (likely memory related)
Generation:  48%|████▊     | 48/100 [7:04:40<15:28:55, 1071.83s/it]Generation:  49%|████▉     | 49/100 [8:05:14<26:04:19, 1840.38s/it]Generation:  50%|█████     | 50/100 [9:05:42<33:00:29, 2376.59s/it]Generation:  51%|█████     | 51/100 [10:06:14<37:28:36, 2753.39s/it]Generation:  52%|█████▏    | 52/100 [11:06:50<40:14:31, 3018.16s/it]Generation:  53%|█████▎    | 53/100 [12:08:22<42:02:37, 3220.36s/it]Generation:  54%|█████▍    | 54/100 [13:08:57<42:44:12, 3344.62s/it]Generation:  55%|█████▌    | 55/100 [14:09:33<42:54:08, 3432.20s/it]Generation:  56%|█████▌    | 56/100 [15:10:09<42:41:41, 3493.22s/it]Generation:  57%|█████▋    | 57/100 [16:10:40<42:12:58, 3534.38s/it]Generation:  58%|█████▊    | 58/100 [17:11:12<41:34:37, 3563.75s/it]Generation:  59%|█████▉    | 59/100 [18:12:48<41:02:22, 3603.47s/it]Generation:  60%|██████    | 60/100 [19:13:24<40:08:49, 3613.24s/it]Generation:  61%|██████    | 61/100 [20:13:58<39:12:36, 3619.40s/it]Generation:  62%|██████▏   | 62/100 [21:14:33<38:15:15, 3624.09s/it]Generation:  63%|██████▎   | 63/100 [22:15:12<37:17:39, 3628.64s/it]Generation:  64%|██████▍   | 64/100 [23:16:48<36:29:19, 3648.87s/it]Generation:  65%|██████▌   | 65/100 [24:17:21<35:25:40, 3644.03s/it]Generation:  66%|██████▌   | 66/100 [25:17:52<34:22:45, 3640.17s/it]Generation:  67%|██████▋   | 67/100 [26:18:23<33:20:31, 3637.33s/it]Generation:  68%|██████▊   | 68/100 [27:18:54<32:18:59, 3635.60s/it]Generation:  69%|██████▉   | 69/100 [28:19:25<31:17:40, 3634.22s/it]Generation:  70%|███████   | 70/100 [29:19:59<30:16:59, 3633.99s/it]Generation:  71%|███████   | 71/100 [30:21:35<29:25:29, 3652.74s/it]Generation:  72%|███████▏  | 72/100 [31:22:10<28:22:05, 3647.36s/it]Generation:  73%|███████▎  | 73/100 [32:22:43<27:19:24, 3643.13s/it]Generation:  74%|███████▍  | 74/100 [33:23:15<26:17:11, 3639.68s/it]Generation:  75%|███████▌  | 75/100 [34:23:51<25:16:04, 3638.59s/it]Generation:  76%|███████▌  | 76/100 [35:24:23<24:14:40, 3636.70s/it]Generation:  77%|███████▋  | 77/100 [36:26:05<23:21:32, 3656.18s/it]Generation:  78%|███████▊  | 78/100 [37:26:39<22:18:12, 3649.66s/it]Generation:  79%|███████▉  | 79/100 [38:27:14<21:15:47, 3645.13s/it]Generation:  80%|████████  | 80/100 [39:27:48<20:13:56, 3641.83s/it]Generation:  81%|████████  | 81/100 [40:28:19<19:12:14, 3638.64s/it]Generation:  82%|████████▏ | 82/100 [41:28:52<18:11:04, 3636.90s/it]Generation:  83%|████████▎ | 83/100 [42:30:38<17:16:18, 3657.55s/it]Generation:  84%|████████▍ | 84/100 [43:31:07<16:13:02, 3648.90s/it]Generation:  85%|████████▌ | 85/100 [44:31:41<15:11:09, 3644.62s/it]Generation:  86%|████████▌ | 86/100 [45:32:12<14:09:25, 3640.37s/it]Generation:  87%|████████▋ | 87/100 [46:32:45<13:08:15, 3638.15s/it]Generation:  88%|████████▊ | 88/100 [47:33:15<12:07:10, 3635.84s/it]Generation:  89%|████████▉ | 89/100 [48:33:52<11:06:36, 3636.05s/it]Generation:  90%|█████████ | 90/100 [49:35:39<10:09:35, 3657.52s/it]Generation:  91%|█████████ | 91/100 [50:36:11<9:07:27, 3649.76s/it] Generation:  92%|█████████▏| 92/100 [51:36:45<8:06:00, 3645.03s/it]Generation:  93%|█████████▎| 93/100 [52:37:13<7:04:39, 3639.91s/it]Generation:  94%|█████████▍| 94/100 [53:37:47<6:03:49, 3638.31s/it]Generation:  95%|█████████▌| 95/100 [54:38:22<5:03:05, 3637.07s/it]Generation:  96%|█████████▌| 96/100 [55:40:12<4:03:56, 3659.07s/it]Generation:  97%|█████████▋| 97/100 [56:40:43<3:02:32, 3650.72s/it]Generation:  98%|█████████▊| 98/100 [57:41:17<2:01:31, 3645.60s/it]Generation:  99%|█████████▉| 99/100 [58:41:51<1:00:42, 3642.08s/it]Generation: 100%|██████████| 100/100 [59:42:22<00:00, 3638.73s/it] Generation: 100%|██████████| 100/100 [59:42:22<00:00, 2149.42s/it]
/home/hodesse/miniconda3/envs/tpot2env/lib/python3.10/site-packages/sklearn/utils/deprecation.py:132: FutureWarning: 'force_all_finite' was renamed to 'ensure_all_finite' in 1.6 and will be removed in 1.8.
  warnings.warn(
/home/hodesse/miniconda3/envs/tpot2env/lib/python3.10/site-packages/sklearn/utils/deprecation.py:132: FutureWarning: 'force_all_finite' was renamed to 'ensure_all_finite' in 1.6 and will be removed in 1.8.
  warnings.warn(
/home/hodesse/miniconda3/envs/tpot2env/lib/python3.10/site-packages/sklearn/utils/deprecation.py:132: FutureWarning: 'force_all_finite' was renamed to 'ensure_all_finite' in 1.6 and will be removed in 1.8.
  warnings.warn(
/home/hodesse/miniconda3/envs/tpot2env/lib/python3.10/site-packages/sklearn/utils/deprecation.py:132: FutureWarning: 'force_all_finite' was renamed to 'ensure_all_finite' in 1.6 and will be removed in 1.8.
  warnings.warn(
/home/hodesse/miniconda3/envs/tpot2env/lib/python3.10/site-packages/sklearn/utils/deprecation.py:132: FutureWarning: 'force_all_finite' was renamed to 'ensure_all_finite' in 1.6 and will be removed in 1.8.
  warnings.warn(
/home/hodesse/miniconda3/envs/tpot2env/lib/python3.10/site-packages/sklearn/utils/deprecation.py:132: FutureWarning: 'force_all_finite' was renamed to 'ensure_all_finite' in 1.6 and will be removed in 1.8.
  warnings.warn(
/home/hodesse/miniconda3/envs/tpot2env/lib/python3.10/site-packages/sklearn/utils/deprecation.py:132: FutureWarning: 'force_all_finite' was renamed to 'ensure_all_finite' in 1.6 and will be removed in 1.8.
  warnings.warn(
/home/hodesse/miniconda3/envs/tpot2env/lib/python3.10/site-packages/sklearn/utils/deprecation.py:132: FutureWarning: 'force_all_finite' was renamed to 'ensure_all_finite' in 1.6 and will be removed in 1.8.
  warnings.warn(
/home/hodesse/miniconda3/envs/tpot2env/lib/python3.10/site-packages/sklearn/utils/deprecation.py:132: FutureWarning: 'force_all_finite' was renamed to 'ensure_all_finite' in 1.6 and will be removed in 1.8.
  warnings.warn(
/home/hodesse/miniconda3/envs/tpot2env/lib/python3.10/site-packages/sklearn/utils/deprecation.py:132: FutureWarning: 'force_all_finite' was renamed to 'ensure_all_finite' in 1.6 and will be removed in 1.8.
  warnings.warn(
/home/hodesse/miniconda3/envs/tpot2env/lib/python3.10/site-packages/sklearn/utils/deprecation.py:132: FutureWarning: 'force_all_finite' was renamed to 'ensure_all_finite' in 1.6 and will be removed in 1.8.
  warnings.warn(
Error shutting down client and cluster
/home/hodesse/miniconda3/envs/tpot2env/lib/python3.10/site-packages/sklearn/utils/deprecation.py:132: FutureWarning: 'force_all_finite' was renamed to 'ensure_all_finite' in 1.6 and will be removed in 1.8.
  warnings.warn(
/home/hodesse/miniconda3/envs/tpot2env/lib/python3.10/site-packages/sklearn/utils/deprecation.py:132: FutureWarning: 'force_all_finite' was renamed to 'ensure_all_finite' in 1.6 and will be removed in 1.8.
  warnings.warn(
/home/hodesse/miniconda3/envs/tpot2env/lib/python3.10/site-packages/distributed/node.py:182: UserWarning: Port 8787 is already in use.
Perhaps you already have a cluster running?
Hosting the HTTP server on port 45251 instead
  warnings.warn(
0it [00:00, ?it/s]Generation: : 0it [00:00, ?it/s]Generation: : 1it [2:05:01, 7501.54s/it]Generation: : 1it [2:05:01, 7501.69s/it]
DONE
2025-09-09 10:29:30,342 - distributed.comm.tcp - WARNING - Closing dangling stream in <TCP  local=tcp://127.0.0.1:59354 remote=tcp://127.0.0.1:45457>
2025-09-09 10:29:30,348 - distributed.client - ERROR - 
Traceback (most recent call last):
  File "/home/hodesse/miniconda3/envs/tpot2env/lib/python3.10/site-packages/tornado/iostream.py", line 962, in _handle_write
    num_bytes = self.write_to_fd(self._write_buffer.peek(size))
  File "/home/hodesse/miniconda3/envs/tpot2env/lib/python3.10/site-packages/tornado/iostream.py", line 1124, in write_to_fd
    return self.socket.send(data)  # type: ignore
TimeoutError: [Errno 110] Connection timed out

The above exception was the direct cause of the following exception:

Traceback (most recent call last):
  File "/home/hodesse/miniconda3/envs/tpot2env/lib/python3.10/site-packages/distributed/client.py", line 1779, in _handle_report
    msgs = await self.scheduler_comm.comm.read()
  File "/home/hodesse/miniconda3/envs/tpot2env/lib/python3.10/site-packages/distributed/comm/tcp.py", line 236, in read
    convert_stream_closed_error(self, e)
  File "/home/hodesse/miniconda3/envs/tpot2env/lib/python3.10/site-packages/distributed/comm/tcp.py", line 140, in convert_stream_closed_error
    raise CommClosedError(f"in {obj}: {exc.__class__.__name__}: {exc}") from exc
distributed.comm.core.CommClosedError: in <TCP (closed) Client->Scheduler local=tcp://127.0.0.1:54128 remote=tcp://127.0.0.1:45457>: TimeoutError: [Errno 110] Connection timed out

During handling of the above exception, another exception occurred:

Traceback (most recent call last):
  File "/home/hodesse/miniconda3/envs/tpot2env/lib/python3.10/site-packages/distributed/utils.py", line 837, in wrapper
    return await func(*args, **kwargs)
  File "/home/hodesse/miniconda3/envs/tpot2env/lib/python3.10/site-packages/distributed/client.py", line 1936, in _close
    async with self._wait_for_handle_report_task(fast=fast):
  File "/home/hodesse/miniconda3/envs/tpot2env/lib/python3.10/contextlib.py", line 199, in __aenter__
    return await anext(self.gen)
  File "/home/hodesse/miniconda3/envs/tpot2env/lib/python3.10/site-packages/distributed/client.py", line 1890, in _wait_for_handle_report_task
    await wait_for(asyncio.shield(handle_report_task), 0.1)
  File "/home/hodesse/miniconda3/envs/tpot2env/lib/python3.10/site-packages/distributed/utils.py", line 1957, in wait_for
    return await asyncio.wait_for(fut, timeout)
  File "/home/hodesse/miniconda3/envs/tpot2env/lib/python3.10/asyncio/tasks.py", line 445, in wait_for
    return fut.result()
AssertionError
Exception ignored in atexit callback: <function _close_global_client at 0x1554cbb4e4d0>
Traceback (most recent call last):
  File "/home/hodesse/miniconda3/envs/tpot2env/lib/python3.10/site-packages/distributed/client.py", line 6384, in _close_global_client
    c.close(timeout=3)
  File "/home/hodesse/miniconda3/envs/tpot2env/lib/python3.10/site-packages/distributed/client.py", line 2002, in close
    sync(self.loop, self._close, fast=True, callback_timeout=timeout)
  File "/home/hodesse/miniconda3/envs/tpot2env/lib/python3.10/site-packages/distributed/utils.py", line 439, in sync
    raise error
  File "/home/hodesse/miniconda3/envs/tpot2env/lib/python3.10/site-packages/distributed/utils.py", line 413, in f
    result = yield future
  File "/home/hodesse/miniconda3/envs/tpot2env/lib/python3.10/site-packages/tornado/gen.py", line 766, in run
    value = future.result()
  File "/home/hodesse/miniconda3/envs/tpot2env/lib/python3.10/site-packages/distributed/utils.py", line 1957, in wait_for
    return await asyncio.wait_for(fut, timeout)
  File "/home/hodesse/miniconda3/envs/tpot2env/lib/python3.10/asyncio/tasks.py", line 445, in wait_for
    return fut.result()
  File "/home/hodesse/miniconda3/envs/tpot2env/lib/python3.10/site-packages/distributed/utils.py", line 837, in wrapper
    return await func(*args, **kwargs)
  File "/home/hodesse/miniconda3/envs/tpot2env/lib/python3.10/site-packages/distributed/client.py", line 1936, in _close
    async with self._wait_for_handle_report_task(fast=fast):
  File "/home/hodesse/miniconda3/envs/tpot2env/lib/python3.10/contextlib.py", line 199, in __aenter__
    return await anext(self.gen)
  File "/home/hodesse/miniconda3/envs/tpot2env/lib/python3.10/site-packages/distributed/client.py", line 1890, in _wait_for_handle_report_task
    await wait_for(asyncio.shield(handle_report_task), 0.1)
  File "/home/hodesse/miniconda3/envs/tpot2env/lib/python3.10/site-packages/distributed/utils.py", line 1957, in wait_for
    return await asyncio.wait_for(fut, timeout)
  File "/home/hodesse/miniconda3/envs/tpot2env/lib/python3.10/asyncio/tasks.py", line 445, in wait_for
    return fut.result()
AssertionError: 
Exception ignored in: <function Client.__del__ at 0x1554cbb488b0>
Traceback (most recent call last):
  File "/home/hodesse/miniconda3/envs/tpot2env/lib/python3.10/site-packages/distributed/client.py", line 1747, in __del__
    self.close()
  File "/home/hodesse/miniconda3/envs/tpot2env/lib/python3.10/site-packages/distributed/client.py", line 2002, in close
    sync(self.loop, self._close, fast=True, callback_timeout=timeout)
  File "/home/hodesse/miniconda3/envs/tpot2env/lib/python3.10/site-packages/distributed/utils.py", line 433, in sync
    raise TimeoutError(f"timed out after {timeout} s.")
asyncio.exceptions.TimeoutError: timed out after 60 s.
